Using pre-set license
Built from '2020.2/staging' branch; Version is '2020.2.6f1 (8a2143876886) revision 9052483'; Using compiler version '192528614'; Build Type 'Release'
OS: 'Windows 10 Pro; OS build 19043.1526; Version 2009; 64bit' Language: 'en' Physical Memory: 32717 MB
BatchMode: 1, IsHumanControllingUs: 0, StartBugReporterOnCrash: 0, Is64bit: 1, IsPro: 0

 COMMAND LINE ARGUMENTS:
C:\Program Files\Unity\Hub\Editor\2020.2.6f1\Editor\Unity.exe
-adb2
-batchMode
-noUpm
-name
AssetImportWorker0
-projectPath
C:/Users/devon/source/repos/The-Lawn-Con/Lawn Simulator
-logFile
Logs/AssetImportWorker0.log
-srvPort
60630
Successfully changed project path to: C:/Users/devon/source/repos/The-Lawn-Con/Lawn Simulator
C:/Users/devon/source/repos/The-Lawn-Con/Lawn Simulator
Using Asset Import Pipeline V2.
Refreshing native plugins compatible for Editor in 24.77 ms, found 1 plugins.
Preloading 0 native plugins for Editor in 0.00 ms.
Initialize engine version: 2020.2.6f1 (8a2143876886)
[Subsystems] Discovering subsystems at path C:/Program Files/Unity/Hub/Editor/2020.2.6f1/Editor/Data/Resources/UnitySubsystems
[Subsystems] Discovering subsystems at path C:/Users/devon/source/repos/The-Lawn-Con/Lawn Simulator/Assets
GfxDevice: creating device client; threaded=0
Direct3D:
    Version:  Direct3D 11.0 [level 11.1]
    Renderer: NVIDIA GeForce RTX 2060 (ID=0x1f08)
    Vendor:   
    VRAM:     5980 MB
    Driver:   27.21.14.5671
Initialize mono
Mono path[0] = 'C:/Program Files/Unity/Hub/Editor/2020.2.6f1/Editor/Data/Managed'
Mono path[1] = 'C:/Program Files/Unity/Hub/Editor/2020.2.6f1/Editor/Data/MonoBleedingEdge/lib/mono/unityjit'
Mono config path = 'C:/Program Files/Unity/Hub/Editor/2020.2.6f1/Editor/Data/MonoBleedingEdge/etc'
Using monoOptions --debugger-agent=transport=dt_socket,embedding=1,server=y,suspend=n,address=127.0.0.1:56208
Begin MonoManager ReloadAssembly
Registering precompiled unity dll's ...
Register platform support module: C:/Program Files/Unity/Hub/Editor/2020.2.6f1/Editor/Data/PlaybackEngines/WindowsStandaloneSupport/UnityEditor.WindowsStandalone.Extensions.dll
Registered in 0.002337 seconds.
Native extension for WindowsStandalone target not found
Refreshing native plugins compatible for Editor in 23.46 ms, found 1 plugins.
Preloading 0 native plugins for Editor in 0.00 ms.
Invoked RoslynAnalysisRunner static constructor.
RoslynAnalysisRunner will not be running.
RoslynAnalysisRunner has terminated.
Mono: successfully reloaded assembly
- Completed reload, in  1.080 seconds
Platform modules already initialized, skipping
Registering precompiled user dll's ...
Registered in 0.000971 seconds.
Begin MonoManager ReloadAssembly
Native extension for WindowsStandalone target not found
Refreshing native plugins compatible for Editor in 26.06 ms, found 1 plugins.
Preloading 0 native plugins for Editor in 0.00 ms.
Invoked RoslynAnalysisRunner static constructor.
RoslynAnalysisRunner will not be running.
RoslynAnalysisRunner has terminated.
Mono: successfully reloaded assembly
- Completed reload, in  0.823 seconds
Platform modules already initialized, skipping
========================================================================
Worker process is ready to serve import requests
Launched and connected shader compiler UnityShaderCompiler.exe after 0.04 seconds
Refreshing native plugins compatible for Editor in 0.43 ms, found 1 plugins.
Preloading 0 native plugins for Editor in 0.00 ms.
Unloading 1548 Unused Serialized files (Serialized files now loaded: 0)
System memory in use before: 80.0 MB.
System memory in use after: 80.1 MB.

Unloading 14 unused Assets to reduce memory usage. Loaded Objects now: 1989.
Total: 1.953500 ms (FindLiveObjects: 0.230100 ms CreateObjectMapping: 0.037600 ms MarkObjects: 1.621000 ms  DeleteObjects: 0.063700 ms)

========================================================================
Received Import Request.
  path: Assets/Scenes/TitleScreen.unity
  artifactKey: Guid(f508a7b76db263243972afb45dfcac06) Importer(815301076,1909f56bfc062723c751e8b465ee728b)
Start importing Assets/Scenes/TitleScreen.unity using Guid(f508a7b76db263243972afb45dfcac06) Importer(815301076,1909f56bfc062723c751e8b465ee728b)  -> (artifact id: 'd2e08a02be2218906593d9b698fa699b') in 0.013618 seconds
  Import took 0.016777 seconds .

========================================================================
Received Import Request.
  Time since last request: 0.000249 seconds.
  path: Assets/Scenes/SampleScene.unity
  artifactKey: Guid(2cda990e2423bbf4892e6590ba056729) Importer(815301076,1909f56bfc062723c751e8b465ee728b)
Start importing Assets/Scenes/SampleScene.unity using Guid(2cda990e2423bbf4892e6590ba056729) Importer(815301076,1909f56bfc062723c751e8b465ee728b)  -> (artifact id: 'a9f9d7fc95a0f92a311eb997f3ab2c20') in 0.003193 seconds
  Import took 0.005849 seconds .

========================================================================
Received Prepare
Registering precompiled user dll's ...
Registered in 0.001052 seconds.
Begin MonoManager ReloadAssembly
Native extension for WindowsStandalone target not found
Refreshing native plugins compatible for Editor in 0.47 ms, found 1 plugins.
Preloading 0 native plugins for Editor in 0.00 ms.
Invoked RoslynAnalysisRunner static constructor.
RoslynAnalysisRunner will not be running.
RoslynAnalysisRunner has terminated.
Mono: successfully reloaded assembly
- Completed reload, in  0.801 seconds
Platform modules already initialized, skipping
Refreshing native plugins compatible for Editor in 0.75 ms, found 1 plugins.
Preloading 0 native plugins for Editor in 0.00 ms.
Unloading 1525 Unused Serialized files (Serialized files now loaded: 0)
System memory in use before: 78.5 MB.
System memory in use after: 78.6 MB.

Unloading 5 unused Assets to reduce memory usage. Loaded Objects now: 1990.
Total: 3.693000 ms (FindLiveObjects: 0.452300 ms CreateObjectMapping: 0.070300 ms MarkObjects: 3.139100 ms  DeleteObjects: 0.029400 ms)

========================================================================
Received Import Request.
  Time since last request: 36.708538 seconds.
  path: Assets/Scripts/ActionManager.cs
  artifactKey: Guid(5d5d4b9e14a7a4344b434e6dfeb47773) Importer(815301076,1909f56bfc062723c751e8b465ee728b)
Start importing Assets/Scripts/ActionManager.cs using Guid(5d5d4b9e14a7a4344b434e6dfeb47773) Importer(815301076,1909f56bfc062723c751e8b465ee728b)  -> (artifact id: 'f19125da34134dfec7f799d60f2ed06c') in 0.024892 seconds
  Import took 0.027579 seconds .

========================================================================
Received Import Request.
  Time since last request: 0.008610 seconds.
  path: Assets/Scripts/ActionManager.cs
  artifactKey: Guid(5d5d4b9e14a7a4344b434e6dfeb47773) Importer(815301076,1909f56bfc062723c751e8b465ee728b)
Start importing Assets/Scripts/ActionManager.cs using Guid(5d5d4b9e14a7a4344b434e6dfeb47773) Importer(815301076,1909f56bfc062723c751e8b465ee728b)  -> (artifact id: 'f19125da34134dfec7f799d60f2ed06c') in 0.002609 seconds
  Import took 0.004972 seconds .

========================================================================
Received Prepare
Registering precompiled user dll's ...
Registered in 0.001349 seconds.
Begin MonoManager ReloadAssembly
Native extension for WindowsStandalone target not found
Refreshing native plugins compatible for Editor in 0.45 ms, found 1 plugins.
Preloading 0 native plugins for Editor in 0.00 ms.
Invoked RoslynAnalysisRunner static constructor.
RoslynAnalysisRunner will not be running.
RoslynAnalysisRunner has terminated.
Mono: successfully reloaded assembly
- Completed reload, in  0.715 seconds
Platform modules already initialized, skipping
Refreshing native plugins compatible for Editor in 0.49 ms, found 1 plugins.
Preloading 0 native plugins for Editor in 0.00 ms.
Unloading 1525 Unused Serialized files (Serialized files now loaded: 0)
System memory in use before: 78.5 MB.
System memory in use after: 78.6 MB.

Unloading 5 unused Assets to reduce memory usage. Loaded Objects now: 1991.
Total: 2.089300 ms (FindLiveObjects: 0.313600 ms CreateObjectMapping: 0.047400 ms MarkObjects: 1.702100 ms  DeleteObjects: 0.024200 ms)

========================================================================
Received Prepare
Refreshing native plugins compatible for Editor in 2.16 ms, found 1 plugins.
Preloading 0 native plugins for Editor in 0.00 ms.
Unloading 5 Unused Serialized files (Serialized files now loaded: 0)
System memory in use before: 48.4 MB.
System memory in use after: 48.6 MB.

Unloading 5 unused Assets to reduce memory usage. Loaded Objects now: 1991.
Total: 1.825700 ms (FindLiveObjects: 0.209700 ms CreateObjectMapping: 0.035700 ms MarkObjects: 1.561000 ms  DeleteObjects: 0.018200 ms)

AssetImportWorkerClient::OnTransportError - code=2 error=End of file
